Arguments: 
  C:\Program Files\nodejs\node.exe C:\Program Files (x86)\Yarn\bin\yarn.js

PATH: 
  C:\Program Files (x86)\Common Files\Oracle\Java\javapath;C:\Program Files (x86)\Common Files\Intel\Shared Libraries\redist\intel64\compiler;C:\WINDOWS\system32;C:\WINDOWS;C:\WINDOWS\System32\Wbem;C:\WINDOWS\System32\WindowsPowerShell\v1.0\;C:\Program Files (x86)\Yarn\bin\;C:\Program Files\Git\cmd;C:\WINDOWS\System32\OpenSSH\;C:\xampp\php;C:\composer;C:\Users\Eudoxejr\AppData\Local\Android\Sdk\platform-tools;C:\Program Files\nodejs\;C:\Users\Eudoxejr\AppData\Local\jdk-11.0.2\bin;C:\Users\Eudoxejr\AppData\Local\python2\scripts;C:\Users\Eudoxejr\AppData\Local\python2;C:\Program Files\MySQL\MySQL Shell 8.0\bin\;C:\Users\Eudoxejr\AppData\Local\Microsoft\WindowsApps;C:\Users\Eudoxejr\AppData\Local\Programs\Microsoft VS Code\bin;C:\Users\Eudoxejr\AppData\Local\Yarn\bin;C:\Users\Eudoxejr\AppData\Roaming\Composer\vendor\bin;C:\Users\Eudoxejr\AppData\Local\Android\Sdk\platform-tools;C:\Program Files\heroku\bin;C:\Users\Eudoxejr\AppData\Roaming\npm

Yarn version: 
  1.22.4

Node version: 
  16.13.0

Platform: 
  win32 x64

Trace: 
  Error: connect ENETUNREACH 104.16.18.35:443
      at TCPConnectWrap.afterConnect [as oncomplete] (node:net:1161:16)

npm manifest: 
  {
    "name": "uptimiste",
    "version": "0.0.0",
    "scripts": {
      "dev": "vite",
      "build": "vite build",
      "serve": "vite preview",
      "storybook": "start-storybook -p 6006",
      "build-storybook": "build-storybook"
    },
    "dependencies": {
      "@fullcalendar/core": "^5.10.1",
      "@fullcalendar/daygrid": "^5.10.1",
      "@fullcalendar/interaction": "^5.10.1",
      "@fullcalendar/react": "^5.10.1",
      "@fullcalendar/timegrid": "^5.10.1",
      "@tailwindcss/typography": "^0.4.1",
      "daisyui": "^1.14.2",
      "date-fns": "^2.25.0",
      "dates-generator": "^1.0.4",
      "install": "^0.13.0",
      "prop-types": "^15.7.2",
      "react": "^17.0.0",
      "react-big-calendar": "^0.36.1",
      "react-calendar": "^3.5.0",
      "react-dom": "^17.0.0",
      "react-hook-form": "^7.18.1",
      "react-router-dom": "^5.3.0",
      "tailwind-scrollbar-hide": "^1.0.3"
    },
    "devDependencies": {
      "@babel/core": "^7.15.8",
      "@storybook/addon-actions": "^6.3.12",
      "@storybook/addon-essentials": "^6.3.12",
      "@storybook/addon-links": "^6.3.12",
      "@storybook/addon-postcss": "^2.0.0",
      "@storybook/react": "^6.3.12",
      "@vitejs/plugin-react": "^1.0.0",
      "@windicss/plugin-animations": "^1.0.9",
      "autoprefixer": "^10.3.7",
      "babel-loader": "^8.2.3",
      "postcss": "^8.3.9",
      "tailwindcss": "^2.2.16",
      "vite": "^2.6.4"
    }
  }

yarn manifest: 
  No manifest

Lockfile: 
  No lockfile
